<?xml version="1.0" encoding="UTF-8"?>
<!-- Generated by org.testng.reporters.JUnitReportReporter -->
<testsuite hostname="Bharani" failures="0" tests="1" name="scripts.Tc1" time="0.008" errors="0" timestamp="2022-12-28T07:34:02 IST" skipped="0">
  <testcase classname="scripts.Tc1" name="demo" time="0.008"/>
  <system-out>
    <![CDATA[hello java]]>
  </system-out>
</testsuite> <!-- scripts.Tc1 -->
