<?xml version="1.0" encoding="UTF-8"?>
<!-- Generated by org.testng.reporters.JUnitReportReporter -->
<testsuite hostname="Bharani" failures="0" tests="1" name="scripts.Tc4" time="0.001" errors="0" timestamp="2022-12-28T07:34:02 IST" skipped="0">
  <testcase classname="scripts.Tc4" name="demo" time="0.001"/>
  <system-out>
    <![CDATA[hello PythonSelenium]]>
  </system-out>
</testsuite> <!-- scripts.Tc4 -->
