<?xml version="1.0" encoding="UTF-8"?>
<!-- Generated by org.testng.reporters.JUnitReportReporter -->
<testsuite hostname="Bharani" failures="0" tests="1" name="scripts.Tc2" time="0.002" errors="0" timestamp="2022-12-28T07:34:02 IST" skipped="0">
  <testcase classname="scripts.Tc2" name="demo" time="0.002"/>
  <system-out>
    <![CDATA[hello Selenium]]>
  </system-out>
</testsuite> <!-- scripts.Tc2 -->
